<?xml version="1.0" encoding="UTF-8"?>
<testng-results ignored="0" total="1" passed="1" failed="0" skipped="0">
  <reporter-output>
  </reporter-output>
  <suite started-at="2024-01-02T17:54:57 IST" name="Default suite" finished-at="2024-01-02T17:54:57 IST" duration-ms="196">
    <groups>
    </groups>
    <test started-at="2024-01-02T17:54:57 IST" name="Default test" finished-at="2024-01-02T17:54:57 IST" duration-ms="196">
      <class name="practice.ReadDataFromCmdLine">
        <test-method signature="read()[pri:0, instance:practice.ReadDataFromCmdLine@4c583ecf]" started-at="2024-01-02T17:54:57 IST" name="read" finished-at="2024-01-02T17:54:57 IST" duration-ms="21" status="PASS">
          <reporter-output>
          </reporter-output>
        </test-method> <!-- read -->
      </class> <!-- practice.ReadDataFromCmdLine -->
    </test> <!-- Default test -->
  </suite> <!-- Default suite -->
</testng-results>
